<?xml version="1.0" encoding="UTF-8"?>
<coverage generated="1548147216510" clover="3.2.0">
  <project timestamp="1548147216511" name="All files">
    <metrics statements="5" coveredstatements="5" conditionals="1" coveredconditionals="1" methods="3" coveredmethods="3" elements="9" coveredelements="9" complexity="0" loc="5" ncloc="5" packages="1" files="1" classes="1">
      <file name="helpers.js" path="/Users/riza/Developers/kodeid-sol/unit-testing-javascript/source/simple-cart-app-3-finish/src/helpers.js">
        <metrics statements="5" coveredstatements="5" conditionals="1" coveredconditionals="1" methods="3" coveredmethods="3"/>
        <line num="1" count="2" type="stmt"/>
        <line num="2" count="1" type="stmt"/>
        <line num="4" count="1" type="cond" truecount="1" falsecount="0"/>
        <line num="5" count="3" type="stmt"/>
        <line num="6" count="1" type="stmt"/>
      </file>
    </metrics>
  </project>
</coverage>
