{"/Users/riza/Developers/kodeid-sol/unit-testing-javascript/source/simple-cart-app-3-finish/src/helpers.js": {"path":"/Users/riza/Developers/kodeid-sol/unit-testing-javascript/source/simple-cart-app-3-finish/src/helpers.js","statementMap":{"0":{"start":{"line":1,"column":21},"end":{"line":1,"column":47}},"1":{"start":{"line":1,"column":30},"end":{"line":1,"column":47}},"2":{"start":{"line":2,"column":21},"end":{"line":2,"column":37}},"3":{"start":{"line":2,"column":30},"end":{"line":2,"column":37}},"4":{"start":{"line":4,"column":28},"end":{"line":5,"column":48}},"5":{"start":{"line":5,"column":2},"end":{"line":5,"column":48}},"6":{"start":{"line":6,"column":0},"end":{"line":6,"column":69}}},"fnMap":{"0":{"name":"(anonymous_0)","decl":{"start":{"line":1,"column":21},"end":{"line":1,"column":22}},"loc":{"start":{"line":1,"column":30},"end":{"line":1,"column":47}},"line":1},"1":{"name":"(anonymous_1)","decl":{"start":{"line":2,"column":21},"end":{"line":2,"column":22}},"loc":{"start":{"line":2,"column":30},"end":{"line":2,"column":37}},"line":2},"2":{"name":"(anonymous_2)","decl":{"start":{"line":4,"column":28},"end":{"line":4,"column":29}},"loc":{"start":{"line":5,"column":2},"end":{"line":5,"column":48}},"line":5}},"branchMap":{"0":{"loc":{"start":{"line":4,"column":41},"end":{"line":4,"column":53}},"type":"default-arg","locations":[{"start":{"line":4,"column":52},"end":{"line":4,"column":53}}],"line":4}},"s":{"0":1,"1":2,"2":1,"3":1,"4":1,"5":3,"6":1},"f":{"0":2,"1":1,"2":3},"b":{"0":[2]},"_coverageSchema":"332fd63041d2c1bcb487cc26dd0d5f7d97098a6c","hash":"670998497d29f7edbf257bdb52c8b820b377598f"}
}
